{"/Users/dslagle/Documents/helloworld/server.js":{"path":"/Users/dslagle/Documents/helloworld/server.js","s":{"1":1,"2":1,"3":1,"4":1,"5":1,"6":1,"7":1,"8":1,"9":1,"10":1,"11":3,"12":3,"13":3,"14":3,"15":1,"16":1,"17":1,"18":1,"19":1,"20":1,"21":1,"22":1,"23":1,"24":1,"25":1},"b":{},"f":{"1":3,"2":1,"3":1,"4":1,"5":1},"fnMap":{"1":{"name":"(anonymous_1)","line":15,"loc":{"start":{"line":15,"column":8},"end":{"line":15,"column":42}}},"2":{"name":"(anonymous_2)","line":25,"loc":{"start":{"line":25,"column":13},"end":{"line":25,"column":41}}},"3":{"name":"(anonymous_3)","line":29,"loc":{"start":{"line":29,"column":21},"end":{"line":29,"column":49}}},"4":{"name":"(anonymous_4)","line":34,"loc":{"start":{"line":34,"column":14},"end":{"line":34,"column":42}}},"5":{"name":"(anonymous_5)","line":38,"loc":{"start":{"line":38,"column":39},"end":{"line":38,"column":50}}}},"statementMap":{"1":{"start":{"line":3,"column":0},"end":{"line":3,"column":33}},"2":{"start":{"line":4,"column":0},"end":{"line":4,"column":32}},"3":{"start":{"line":5,"column":0},"end":{"line":5,"column":27}},"4":{"start":{"line":6,"column":0},"end":{"line":6,"column":20}},"5":{"start":{"line":7,"column":0},"end":{"line":7,"column":29}},"6":{"start":{"line":9,"column":0},"end":{"line":9,"column":26}},"7":{"start":{"line":10,"column":0},"end":{"line":10,"column":19}},"8":{"start":{"line":12,"column":0},"end":{"line":12,"column":43}},"9":{"start":{"line":13,"column":0},"end":{"line":13,"column":19}},"10":{"start":{"line":15,"column":0},"end":{"line":21,"column":3}},"11":{"start":{"line":16,"column":4},"end":{"line":16,"column":59}},"12":{"start":{"line":17,"column":4},"end":{"line":18,"column":35}},"13":{"start":{"line":19,"column":4},"end":{"line":19,"column":71}},"14":{"start":{"line":20,"column":4},"end":{"line":20,"column":11}},"15":{"start":{"line":23,"column":0},"end":{"line":23,"column":56}},"16":{"start":{"line":25,"column":0},"end":{"line":27,"column":3}},"17":{"start":{"line":26,"column":4},"end":{"line":26,"column":58}},"18":{"start":{"line":29,"column":0},"end":{"line":32,"column":3}},"19":{"start":{"line":30,"column":4},"end":{"line":30,"column":33}},"20":{"start":{"line":31,"column":4},"end":{"line":31,"column":45}},"21":{"start":{"line":34,"column":0},"end":{"line":36,"column":3}},"22":{"start":{"line":35,"column":4},"end":{"line":35,"column":31}},"23":{"start":{"line":38,"column":0},"end":{"line":40,"column":3}},"24":{"start":{"line":39,"column":4},"end":{"line":39,"column":60}},"25":{"start":{"line":42,"column":0},"end":{"line":42,"column":21}}},"branchMap":{}},"/Users/dslagle/Documents/helloworld/math.js":{"path":"/Users/dslagle/Documents/helloworld/math.js","s":{"1":1,"2":3,"3":1,"4":2,"5":1,"6":1,"7":1,"8":6,"9":1,"10":5,"11":1,"12":4,"13":1,"14":3,"15":1,"16":2,"17":2,"18":14,"19":2,"20":1},"b":{"1":[1,2],"2":[1,1],"3":[1,5],"4":[1,4],"5":[1,3],"6":[1,2]},"f":{"1":3,"2":6},"fnMap":{"1":{"name":"doMath","line":8,"loc":{"start":{"line":8,"column":0},"end":{"line":8,"column":22}}},"2":{"name":"fib","line":24,"loc":{"start":{"line":24,"column":0},"end":{"line":24,"column":16}}}},"statementMap":{"1":{"start":{"line":8,"column":0},"end":{"line":17,"column":1}},"2":{"start":{"line":9,"column":4},"end":{"line":14,"column":5}},"3":{"start":{"line":10,"column":8},"end":{"line":10,"column":21}},"4":{"start":{"line":12,"column":9},"end":{"line":14,"column":5}},"5":{"start":{"line":13,"column":8},"end":{"line":13,"column":21}},"6":{"start":{"line":16,"column":4},"end":{"line":16,"column":17}},"7":{"start":{"line":24,"column":0},"end":{"line":37,"column":1}},"8":{"start":{"line":25,"column":4},"end":{"line":25,"column":56}},"9":{"start":{"line":25,"column":15},"end":{"line":25,"column":56}},"10":{"start":{"line":27,"column":4},"end":{"line":27,"column":26}},"11":{"start":{"line":27,"column":16},"end":{"line":27,"column":26}},"12":{"start":{"line":28,"column":4},"end":{"line":28,"column":27}},"13":{"start":{"line":28,"column":16},"end":{"line":28,"column":27}},"14":{"start":{"line":29,"column":4},"end":{"line":29,"column":30}},"15":{"start":{"line":29,"column":16},"end":{"line":29,"column":30}},"16":{"start":{"line":31,"column":4},"end":{"line":31,"column":21}},"17":{"start":{"line":32,"column":4},"end":{"line":34,"column":5}},"18":{"start":{"line":33,"column":8},"end":{"line":33,"column":37}},"19":{"start":{"line":36,"column":4},"end":{"line":36,"column":15}},"20":{"start":{"line":39,"column":0},"end":{"line":39,"column":46}}},"branchMap":{"1":{"line":9,"type":"if","locations":[{"start":{"line":9,"column":4},"end":{"line":9,"column":4}},{"start":{"line":9,"column":4},"end":{"line":9,"column":4}}]},"2":{"line":12,"type":"if","locations":[{"start":{"line":12,"column":9},"end":{"line":12,"column":9}},{"start":{"line":12,"column":9},"end":{"line":12,"column":9}}]},"3":{"line":25,"type":"if","locations":[{"start":{"line":25,"column":4},"end":{"line":25,"column":4}},{"start":{"line":25,"column":4},"end":{"line":25,"column":4}}]},"4":{"line":27,"type":"if","locations":[{"start":{"line":27,"column":4},"end":{"line":27,"column":4}},{"start":{"line":27,"column":4},"end":{"line":27,"column":4}}]},"5":{"line":28,"type":"if","locations":[{"start":{"line":28,"column":4},"end":{"line":28,"column":4}},{"start":{"line":28,"column":4},"end":{"line":28,"column":4}}]},"6":{"line":29,"type":"if","locations":[{"start":{"line":29,"column":4},"end":{"line":29,"column":4}},{"start":{"line":29,"column":4},"end":{"line":29,"column":4}}]}}}}