TN:
SF:/Users/dslagle/Documents/helloworld/server.js
FN:15,(anonymous_1)
FN:25,(anonymous_2)
FN:29,(anonymous_3)
FN:34,(anonymous_4)
FN:38,(anonymous_5)
FNF:5
FNH:5
FNDA:3,(anonymous_1)
FNDA:1,(anonymous_2)
FNDA:1,(anonymous_3)
FNDA:1,(anonymous_4)
FNDA:1,(anonymous_5)
DA:3,1
DA:4,1
DA:5,1
DA:6,1
DA:7,1
DA:9,1
DA:10,1
DA:12,1
DA:13,1
DA:15,1
DA:16,3
DA:17,3
DA:19,3
DA:20,3
DA:23,1
DA:25,1
DA:26,1
DA:29,1
DA:30,1
DA:31,1
DA:34,1
DA:35,1
DA:38,1
DA:39,1
DA:42,1
LF:25
LH:25
BRF:0
BRH:0
end_of_record
TN:
SF:/Users/dslagle/Documents/helloworld/math.js
FN:8,doMath
FN:24,fib
FNF:2
FNH:2
FNDA:3,doMath
FNDA:6,fib
DA:8,1
DA:9,3
DA:10,1
DA:12,2
DA:13,1
DA:16,1
DA:24,1
DA:25,6
DA:27,5
DA:28,4
DA:29,3
DA:31,2
DA:32,2
DA:33,14
DA:36,2
DA:39,1
LF:16
LH:16
BRDA:9,1,0,1
BRDA:9,1,1,2
BRDA:12,2,0,1
BRDA:12,2,1,1
BRDA:25,3,0,1
BRDA:25,3,1,5
BRDA:27,4,0,1
BRDA:27,4,1,4
BRDA:28,5,0,1
BRDA:28,5,1,3
BRDA:29,6,0,1
BRDA:29,6,1,2
BRF:12
BRH:12
end_of_record
